2025-06-19 17:27:20.067 | INFO     | src.data_retrieval.ncbi_downloader:search_sra:41 - Searching SRA for: Glycine max RNA-seq
2025-06-19 17:27:21.134 | ERROR    | src.data_retrieval.ncbi_downloader:_get_run_info:100 - Error fetching run info for 39182337: 429 Client Error: Too Many Requests for url: https://eutils.ncbi.nlm.nih.gov/entrez/eutils/efetch.fcgi?db=sra&id=39182337&retmode=xml
2025-06-19 17:27:21.874 | INFO     | src.data_retrieval.ncbi_downloader:search_sra:67 - Found 4 RNA-seq runs
2025-06-19 17:27:21.874 | INFO     | src.data_retrieval.ncbi_downloader:search_sra:41 - Searching SRA for: soybean RNA-seq
2025-06-19 17:27:22.172 | ERROR    | src.data_retrieval.ncbi_downloader:_get_run_info:100 - Error fetching run info for 39182339: 429 Client Error: Too Many Requests for url: https://eutils.ncbi.nlm.nih.gov/entrez/eutils/efetch.fcgi?db=sra&id=39182339&retmode=xml
2025-06-19 17:27:22.909 | ERROR    | src.data_retrieval.ncbi_downloader:_get_run_info:100 - Error fetching run info for 39182336: 429 Client Error: Too Many Requests for url: https://eutils.ncbi.nlm.nih.gov/entrez/eutils/efetch.fcgi?db=sra&id=39182336&retmode=xml
2025-06-19 17:27:23.221 | INFO     | src.data_retrieval.ncbi_downloader:search_sra:67 - Found 3 RNA-seq runs
2025-06-19 17:27:23.221 | INFO     | src.data_retrieval.ncbi_downloader:search_sra:41 - Searching SRA for: Glycine max transcriptome
2025-06-19 17:27:23.530 | ERROR    | src.data_retrieval.ncbi_downloader:_get_run_info:100 - Error fetching run info for 39182339: 429 Client Error: Too Many Requests for url: https://eutils.ncbi.nlm.nih.gov/entrez/eutils/efetch.fcgi?db=sra&id=39182339&retmode=xml
2025-06-19 17:27:24.632 | ERROR    | src.data_retrieval.ncbi_downloader:_get_run_info:100 - Error fetching run info for 39182335: 429 Client Error: Too Many Requests for url: https://eutils.ncbi.nlm.nih.gov/entrez/eutils/efetch.fcgi?db=sra&id=39182335&retmode=xml
2025-06-19 17:27:24.632 | INFO     | src.data_retrieval.ncbi_downloader:search_sra:67 - Found 3 RNA-seq runs
2025-06-19 17:27:24.633 | INFO     | src.data_retrieval.ncbi_downloader:search_sra:41 - Searching SRA for: soybean stress RNA-seq
2025-06-19 17:27:24.958 | ERROR    | src.data_retrieval.ncbi_downloader:_get_run_info:100 - Error fetching run info for 38701056: 429 Client Error: Too Many Requests for url: https://eutils.ncbi.nlm.nih.gov/entrez/eutils/efetch.fcgi?db=sra&id=38701056&retmode=xml
2025-06-19 17:27:25.646 | ERROR    | src.data_retrieval.ncbi_downloader:_get_run_info:100 - Error fetching run info for 38701053: 429 Client Error: Too Many Requests for url: https://eutils.ncbi.nlm.nih.gov/entrez/eutils/efetch.fcgi?db=sra&id=38701053&retmode=xml
2025-06-19 17:27:26.006 | INFO     | src.data_retrieval.ncbi_downloader:search_sra:67 - Found 3 RNA-seq runs
2025-06-19 17:31:19.151 | INFO     | src.data_retrieval.ncbi_downloader:search_sra:41 - Searching SRA for: soybean RNA-seq
2025-06-19 17:31:21.713 | ERROR    | src.data_retrieval.ncbi_downloader:_get_run_info:100 - Error fetching run info for 39182333: 429 Client Error: Too Many Requests for url: https://eutils.ncbi.nlm.nih.gov/entrez/eutils/efetch.fcgi?db=sra&id=39182333&retmode=xml
2025-06-19 17:31:23.022 | INFO     | src.data_retrieval.ncbi_downloader:search_sra:67 - Found 9 RNA-seq runs
2025-06-19 17:31:40.820 | INFO     | src.data_retrieval.ncbi_downloader:search_sra:41 - Searching SRA for: soybean RNA-seq
2025-06-19 17:31:41.716 | ERROR    | src.data_retrieval.ncbi_downloader:_get_run_info:100 - Error fetching run info for 39182337: 429 Client Error: Too Many Requests for url: https://eutils.ncbi.nlm.nih.gov/entrez/eutils/efetch.fcgi?db=sra&id=39182337&retmode=xml
2025-06-19 17:31:41.855 | ERROR    | src.data_retrieval.ncbi_downloader:_get_run_info:100 - Error fetching run info for 39182336: 429 Client Error: Too Many Requests for url: https://eutils.ncbi.nlm.nih.gov/entrez/eutils/efetch.fcgi?db=sra&id=39182336&retmode=xml
2025-06-19 17:31:42.873 | ERROR    | src.data_retrieval.ncbi_downloader:_get_run_info:100 - Error fetching run info for 39182332: 429 Client Error: Too Many Requests for url: https://eutils.ncbi.nlm.nih.gov/entrez/eutils/efetch.fcgi?db=sra&id=39182332&retmode=xml
2025-06-19 17:31:43.533 | INFO     | src.data_retrieval.ncbi_downloader:search_sra:67 - Found 7 RNA-seq runs
2025-06-19 18:05:51.784 | INFO     | src.data_retrieval.ncbi_downloader:search_sra:41 - Searching SRA for: soybean RNA-seq
2025-06-19 18:05:52.714 | ERROR    | src.data_retrieval.ncbi_downloader:_get_run_info:100 - Error fetching run info for 39182337: 429 Client Error: Too Many Requests for url: https://eutils.ncbi.nlm.nih.gov/entrez/eutils/efetch.fcgi?db=sra&id=39182337&retmode=xml
2025-06-19 18:05:52.864 | ERROR    | src.data_retrieval.ncbi_downloader:_get_run_info:100 - Error fetching run info for 39182336: 429 Client Error: Too Many Requests for url: https://eutils.ncbi.nlm.nih.gov/entrez/eutils/efetch.fcgi?db=sra&id=39182336&retmode=xml
2025-06-19 18:05:53.870 | ERROR    | src.data_retrieval.ncbi_downloader:_get_run_info:100 - Error fetching run info for 39182332: 429 Client Error: Too Many Requests for url: https://eutils.ncbi.nlm.nih.gov/entrez/eutils/efetch.fcgi?db=sra&id=39182332&retmode=xml
2025-06-19 18:05:54.014 | ERROR    | src.data_retrieval.ncbi_downloader:_get_run_info:100 - Error fetching run info for 39182331: 429 Client Error: Too Many Requests for url: https://eutils.ncbi.nlm.nih.gov/entrez/eutils/efetch.fcgi?db=sra&id=39182331&retmode=xml
2025-06-19 18:05:54.282 | INFO     | src.data_retrieval.ncbi_downloader:search_sra:67 - Found 6 RNA-seq runs
2025-06-19 18:06:30.519 | INFO     | src.data_retrieval.ncbi_downloader:search_sra:41 - Searching SRA for: Glycine max RNA-seq
2025-06-19 18:06:32.576 | INFO     | src.data_retrieval.ncbi_downloader:search_sra:67 - Found 5 RNA-seq runs
2025-06-19 18:06:32.577 | INFO     | src.data_retrieval.ncbi_downloader:search_sra:41 - Searching SRA for: soybean RNA-seq
2025-06-19 18:06:32.726 | ERROR    | src.data_retrieval.ncbi_downloader:search_sra:71 - Error searching SRA: 429 Client Error: Too Many Requests for url: https://eutils.ncbi.nlm.nih.gov/entrez/eutils/esearch.fcgi?db=sra&term=soybean+RNA-seq&retmax=5&retmode=json
2025-06-19 18:06:32.727 | INFO     | src.data_retrieval.ncbi_downloader:search_sra:41 - Searching SRA for: Glycine max transcriptome
2025-06-19 18:06:32.863 | ERROR    | src.data_retrieval.ncbi_downloader:search_sra:71 - Error searching SRA: 429 Client Error: Too Many Requests for url: https://eutils.ncbi.nlm.nih.gov/entrez/eutils/esearch.fcgi?db=sra&term=Glycine+max+transcriptome&retmax=5&retmode=json
2025-06-19 18:06:32.863 | INFO     | src.data_retrieval.ncbi_downloader:search_sra:41 - Searching SRA for: soybean stress RNA-seq
2025-06-19 18:06:33.847 | ERROR    | src.data_retrieval.ncbi_downloader:_get_run_info:100 - Error fetching run info for 38701054: 429 Client Error: Too Many Requests for url: https://eutils.ncbi.nlm.nih.gov/entrez/eutils/efetch.fcgi?db=sra&id=38701054&retmode=xml
2025-06-19 18:06:33.989 | ERROR    | src.data_retrieval.ncbi_downloader:_get_run_info:100 - Error fetching run info for 38701053: 429 Client Error: Too Many Requests for url: https://eutils.ncbi.nlm.nih.gov/entrez/eutils/efetch.fcgi?db=sra&id=38701053&retmode=xml
2025-06-19 18:06:34.249 | INFO     | src.data_retrieval.ncbi_downloader:search_sra:67 - Found 3 RNA-seq runs
2025-06-19 18:06:54.238 | INFO     | src.data_retrieval.ncbi_downloader:search_sra:41 - Searching SRA for: soybean RNA-seq
2025-06-19 18:06:55.131 | ERROR    | src.data_retrieval.ncbi_downloader:_get_run_info:100 - Error fetching run info for 39182337: 429 Client Error: Too Many Requests for url: https://eutils.ncbi.nlm.nih.gov/entrez/eutils/efetch.fcgi?db=sra&id=39182337&retmode=xml
2025-06-19 18:06:55.267 | ERROR    | src.data_retrieval.ncbi_downloader:_get_run_info:100 - Error fetching run info for 39182336: 429 Client Error: Too Many Requests for url: https://eutils.ncbi.nlm.nih.gov/entrez/eutils/efetch.fcgi?db=sra&id=39182336&retmode=xml
2025-06-19 18:06:56.250 | ERROR    | src.data_retrieval.ncbi_downloader:_get_run_info:100 - Error fetching run info for 39182332: 429 Client Error: Too Many Requests for url: https://eutils.ncbi.nlm.nih.gov/entrez/eutils/efetch.fcgi?db=sra&id=39182332&retmode=xml
2025-06-19 18:06:56.391 | ERROR    | src.data_retrieval.ncbi_downloader:_get_run_info:100 - Error fetching run info for 39182331: 429 Client Error: Too Many Requests for url: https://eutils.ncbi.nlm.nih.gov/entrez/eutils/efetch.fcgi?db=sra&id=39182331&retmode=xml
2025-06-19 18:06:56.692 | INFO     | src.data_retrieval.ncbi_downloader:search_sra:67 - Found 6 RNA-seq runs
2025-06-19 18:07:15.571 | INFO     | src.data_retrieval.ncbi_downloader:search_sra:41 - Searching SRA for: soybean RNA-seq
2025-06-19 18:07:16.397 | ERROR    | src.data_retrieval.ncbi_downloader:_get_run_info:100 - Error fetching run info for 39182337: 429 Client Error: Too Many Requests for url: https://eutils.ncbi.nlm.nih.gov/entrez/eutils/efetch.fcgi?db=sra&id=39182337&retmode=xml
2025-06-19 18:07:16.529 | ERROR    | src.data_retrieval.ncbi_downloader:_get_run_info:100 - Error fetching run info for 39182336: 429 Client Error: Too Many Requests for url: https://eutils.ncbi.nlm.nih.gov/entrez/eutils/efetch.fcgi?db=sra&id=39182336&retmode=xml
2025-06-19 18:07:16.676 | ERROR    | src.data_retrieval.ncbi_downloader:_get_run_info:100 - Error fetching run info for 39182335: 429 Client Error: Too Many Requests for url: https://eutils.ncbi.nlm.nih.gov/entrez/eutils/efetch.fcgi?db=sra&id=39182335&retmode=xml
2025-06-19 18:07:17.713 | ERROR    | src.data_retrieval.ncbi_downloader:_get_run_info:100 - Error fetching run info for 39182331: 429 Client Error: Too Many Requests for url: https://eutils.ncbi.nlm.nih.gov/entrez/eutils/efetch.fcgi?db=sra&id=39182331&retmode=xml
2025-06-19 18:07:17.976 | INFO     | src.data_retrieval.ncbi_downloader:search_sra:67 - Found 6 RNA-seq runs
2025-06-19 18:08:13.167 | INFO     | src.data_retrieval.ncbi_downloader:download_sra_data:137 - Downloading 39182332...
2025-06-19 18:08:13.176 | ERROR    | src.data_retrieval.ncbi_downloader:download_sra_data:149 - Error downloading 39182332: [Errno 2] No such file or directory: 'fastq-dump'
2025-06-19 18:08:37.613 | INFO     | src.data_retrieval.ncbi_downloader:search_sra:41 - Searching SRA for: Glycine max RNA-seq
2025-06-19 18:08:38.542 | ERROR    | src.data_retrieval.ncbi_downloader:_get_run_info:100 - Error fetching run info for 39182337: 429 Client Error: Too Many Requests for url: https://eutils.ncbi.nlm.nih.gov/entrez/eutils/efetch.fcgi?db=sra&id=39182337&retmode=xml
2025-06-19 18:08:38.684 | ERROR    | src.data_retrieval.ncbi_downloader:_get_run_info:100 - Error fetching run info for 39182336: 429 Client Error: Too Many Requests for url: https://eutils.ncbi.nlm.nih.gov/entrez/eutils/efetch.fcgi?db=sra&id=39182336&retmode=xml
2025-06-19 18:08:38.949 | INFO     | src.data_retrieval.ncbi_downloader:search_sra:67 - Found 3 RNA-seq runs
2025-06-19 18:08:38.950 | INFO     | src.data_retrieval.ncbi_downloader:search_sra:41 - Searching SRA for: soybean RNA-seq
2025-06-19 18:08:39.250 | ERROR    | src.data_retrieval.ncbi_downloader:_get_run_info:100 - Error fetching run info for 39182339: 429 Client Error: Too Many Requests for url: https://eutils.ncbi.nlm.nih.gov/entrez/eutils/efetch.fcgi?db=sra&id=39182339&retmode=xml
2025-06-19 18:08:39.714 | ERROR    | src.data_retrieval.ncbi_downloader:_get_run_info:100 - Error fetching run info for 39182337: 429 Client Error: Too Many Requests for url: https://eutils.ncbi.nlm.nih.gov/entrez/eutils/efetch.fcgi?db=sra&id=39182337&retmode=xml
2025-06-19 18:08:40.285 | INFO     | src.data_retrieval.ncbi_downloader:search_sra:67 - Found 3 RNA-seq runs
2025-06-19 18:08:40.285 | INFO     | src.data_retrieval.ncbi_downloader:search_sra:41 - Searching SRA for: Glycine max transcriptome
2025-06-19 18:08:40.419 | ERROR    | src.data_retrieval.ncbi_downloader:search_sra:71 - Error searching SRA: 429 Client Error: Too Many Requests for url: https://eutils.ncbi.nlm.nih.gov/entrez/eutils/esearch.fcgi?db=sra&term=Glycine+max+transcriptome&retmax=5&retmode=json
2025-06-19 18:08:40.419 | INFO     | src.data_retrieval.ncbi_downloader:search_sra:41 - Searching SRA for: soybean stress RNA-seq
2025-06-19 18:08:40.705 | ERROR    | src.data_retrieval.ncbi_downloader:_get_run_info:100 - Error fetching run info for 38701056: 429 Client Error: Too Many Requests for url: https://eutils.ncbi.nlm.nih.gov/entrez/eutils/efetch.fcgi?db=sra&id=38701056&retmode=xml
2025-06-19 18:08:40.837 | ERROR    | src.data_retrieval.ncbi_downloader:_get_run_info:100 - Error fetching run info for 38701055: 429 Client Error: Too Many Requests for url: https://eutils.ncbi.nlm.nih.gov/entrez/eutils/efetch.fcgi?db=sra&id=38701055&retmode=xml
2025-06-19 18:08:41.753 | INFO     | src.data_retrieval.ncbi_downloader:search_sra:67 - Found 3 RNA-seq runs
2025-06-19 18:09:20.784 | INFO     | src.data_retrieval.ncbi_downloader:search_sra:96 - Searching SRA for: Glycine max RNA-seq
2025-06-19 18:09:21.843 | INFO     | src.data_retrieval.ncbi_downloader:search_sra:96 - Searching SRA for: Glycine max RNA-seq
2025-06-19 18:09:27.898 | WARNING  | src.data_retrieval.ncbi_downloader:_make_request_with_retry:65 - Rate limit hit (429), retrying...
2025-06-19 18:09:27.898 | INFO     | src.data_retrieval.ncbi_downloader:_make_request_with_retry:54 - Retrying in 2.7 seconds (attempt 2/4)
2025-06-19 18:09:34.069 | WARNING  | src.data_retrieval.ncbi_downloader:_make_request_with_retry:65 - Rate limit hit (429), retrying...
2025-06-19 18:09:34.069 | INFO     | src.data_retrieval.ncbi_downloader:_make_request_with_retry:54 - Retrying in 2.4 seconds (attempt 2/4)
2025-06-19 18:09:36.624 | INFO     | src.data_retrieval.ncbi_downloader:search_sra:135 - Found 10 RNA-seq runs
2025-06-19 18:09:38.630 | INFO     | src.data_retrieval.ncbi_downloader:search_sra:96 - Searching SRA for: soybean transcriptome
2025-06-19 18:09:40.000 | WARNING  | src.data_retrieval.ncbi_downloader:_make_request_with_retry:65 - Rate limit hit (429), retrying...
2025-06-19 18:09:40.000 | INFO     | src.data_retrieval.ncbi_downloader:_make_request_with_retry:54 - Retrying in 3.0 seconds (attempt 2/4)
2025-06-19 18:09:45.086 | INFO     | src.data_retrieval.ncbi_downloader:search_sra:135 - Found 10 RNA-seq runs
2025-06-19 18:09:47.092 | INFO     | src.data_retrieval.ncbi_downloader:search_sra:96 - Searching SRA for: soybean transcriptome
2025-06-19 18:09:48.533 | WARNING  | src.data_retrieval.ncbi_downloader:_make_request_with_retry:65 - Rate limit hit (429), retrying...
2025-06-19 18:09:48.533 | INFO     | src.data_retrieval.ncbi_downloader:_make_request_with_retry:54 - Retrying in 2.9 seconds (attempt 2/4)
2025-06-19 18:09:54.315 | INFO     | src.data_retrieval.ncbi_downloader:search_sra:135 - Found 10 RNA-seq runs
2025-06-19 18:09:58.715 | INFO     | src.data_retrieval.ncbi_downloader:search_sra:96 - Searching SRA for: soybean drought
2025-06-19 18:09:58.815 | INFO     | src.data_retrieval.ncbi_downloader:search_sra:135 - Found 10 RNA-seq runs
2025-06-19 18:10:04.467 | INFO     | src.data_retrieval.ncbi_downloader:search_sra:135 - Found 5 RNA-seq runs
2025-06-19 18:10:32.614 | INFO     | src.data_retrieval.ncbi_downloader:download_sra_data:210 - Downloading 39182339...
2025-06-19 18:10:32.619 | ERROR    | src.data_retrieval.ncbi_downloader:download_sra_data:222 - Error downloading 39182339: [Errno 2] No such file or directory: 'fastq-dump'
2025-06-19 18:10:58.016 | INFO     | src.data_retrieval.ncbi_downloader:search_sra:96 - Searching SRA for: Glycine max RNA-seq
2025-06-19 18:11:09.621 | INFO     | src.data_retrieval.ncbi_downloader:search_sra:135 - Found 10 RNA-seq runs
2025-06-19 18:11:11.625 | INFO     | src.data_retrieval.ncbi_downloader:search_sra:96 - Searching SRA for: soybean transcriptome
2025-06-19 18:11:23.395 | INFO     | src.data_retrieval.ncbi_downloader:search_sra:135 - Found 10 RNA-seq runs
2025-06-19 18:11:59.024 | INFO     | src.data_retrieval.ncbi_downloader:search_sra:96 - Searching SRA for: soybean RNA-seq
2025-06-19 18:12:03.085 | INFO     | src.data_retrieval.ncbi_downloader:search_sra:135 - Found 3 RNA-seq runs
2025-06-19 18:12:10.839 | INFO     | src.data_retrieval.ncbi_downloader:download_sra_data:210 - Downloading 39182339...
2025-06-19 18:12:10.844 | ERROR    | src.data_retrieval.ncbi_downloader:download_sra_data:222 - Error downloading 39182339: [Errno 2] No such file or directory: 'fastq-dump'
2025-06-19 18:14:24.339 | INFO     | src.data_retrieval.ncbi_downloader:download_datasets_quick:342 - Quick downloading SRR39182339 (5000 reads)...
2025-06-19 18:14:27.194 | WARNING  | src.data_retrieval.ncbi_downloader:download_datasets_quick:362 - Quick download failed for SRR39182339, creating mock data
2025-06-19 18:14:27.198 | INFO     | src.data_retrieval.ncbi_downloader:_create_mock_fastq_file:311 - Created mock FASTQ file: data/raw/SRR39182339/SRR39182339_1.fastq.gz
2025-06-19 18:14:43.486 | INFO     | src.data_retrieval.ncbi_downloader:download_sra_data:219 - Downloading SRR39182338...
2025-06-19 18:14:45.922 | ERROR    | src.data_retrieval.ncbi_downloader:download_sra_data:242 - Failed to download SRR39182338: 2025-06-19T22:14:44 fastq-dump.3.2.1 err: name not found while resolving query within virtual file system module - failed to resolve accession 'SRR39182338' - no data ( 404 ); ncbi_phid='D0BD557558D0E74500002B646C3A09FA.1.m_2'
2025-06-19T22:14:45 fastq-dump.3.2.1 err: name not found while resolving query within virtual file system module - failed to resolve accession 'SRR39182338' - no data ( 404 ); ncbi_phid='939B610176883A7500005A4FE2B289C7.1.m_2'
2025-06-19T22:14:45 fastq-dump.3.2.1 err: item not found while constructing within virtual database module - the path 'SRR39182338' cannot be opened as database or table
fastq-dump quit with error code 3

2025-06-19 18:14:45.926 | INFO     | src.data_retrieval.ncbi_downloader:_create_mock_fastq_file:311 - Created mock FASTQ file: data/raw/SRR39182338/SRR39182338_1.fastq.gz
2025-06-19 18:15:04.035 | INFO     | src.data_retrieval.ncbi_downloader:search_sra:96 - Searching SRA for: Glycine max RNA-seq
2025-06-19 18:15:15.953 | INFO     | src.data_retrieval.ncbi_downloader:search_sra:135 - Found 10 RNA-seq runs
2025-06-19 18:15:17.957 | INFO     | src.data_retrieval.ncbi_downloader:search_sra:96 - Searching SRA for: soybean transcriptome
2025-06-19 18:15:29.739 | INFO     | src.data_retrieval.ncbi_downloader:search_sra:135 - Found 10 RNA-seq runs
2025-06-19 18:15:35.925 | INFO     | src.data_retrieval.ncbi_downloader:search_sra:96 - Searching SRA for: Glycine max RNA-seq
2025-06-19 18:15:43.001 | INFO     | src.data_retrieval.ncbi_downloader:search_sra:96 - Searching SRA for: soybean RNA-seq
2025-06-19 18:15:47.112 | INFO     | src.data_retrieval.ncbi_downloader:search_sra:135 - Found 3 RNA-seq runs
2025-06-19 18:15:47.604 | INFO     | src.data_retrieval.ncbi_downloader:search_sra:135 - Found 10 RNA-seq runs
2025-06-19 18:15:49.607 | INFO     | src.data_retrieval.ncbi_downloader:search_sra:96 - Searching SRA for: soybean transcriptome
2025-06-19 18:15:52.116 | INFO     | src.data_retrieval.ncbi_downloader:download_datasets_quick:342 - Quick downloading 39182339 (5000 reads)...
2025-06-19 18:15:54.828 | WARNING  | src.data_retrieval.ncbi_downloader:download_datasets_quick:362 - Quick download failed for 39182339, creating mock data
2025-06-19 18:15:54.832 | INFO     | src.data_retrieval.ncbi_downloader:_create_mock_fastq_file:311 - Created mock FASTQ file: data/raw/39182339/39182339_1.fastq.gz
2025-06-19 18:16:02.228 | INFO     | src.data_retrieval.ncbi_downloader:search_sra:135 - Found 10 RNA-seq runs
2025-06-19 18:16:21.768 | INFO     | src.preprocessing.quality_control:run_fastqc:41 - Running FastQC on 1 files
2025-06-19 18:16:21.768 | INFO     | src.preprocessing.quality_control:run_fastqc:57 - Running FastQC on 
2025-06-19 18:16:21.783 | ERROR    | src.preprocessing.quality_control:run_fastqc:67 - Error running FastQC on : [Errno 2] No such file or directory: 'fastqc'
2025-06-19 18:16:44.675 | INFO     | src.data_retrieval.ncbi_downloader:download_datasets_quick:342 - Quick downloading 39182339 (5000 reads)...
2025-06-19 18:16:47.423 | WARNING  | src.data_retrieval.ncbi_downloader:download_datasets_quick:362 - Quick download failed for 39182339, creating mock data
2025-06-19 18:16:47.426 | INFO     | src.data_retrieval.ncbi_downloader:_create_mock_fastq_file:311 - Created mock FASTQ file: data/raw/39182339/39182339_1.fastq.gz
2025-06-19 18:16:47.426 | INFO     | src.data_retrieval.ncbi_downloader:download_datasets_quick:342 - Quick downloading 39182339 (5000 reads)...
2025-06-19 18:16:50.039 | WARNING  | src.data_retrieval.ncbi_downloader:download_datasets_quick:362 - Quick download failed for 39182339, creating mock data
2025-06-19 18:16:50.043 | INFO     | src.data_retrieval.ncbi_downloader:_create_mock_fastq_file:311 - Created mock FASTQ file: data/raw/39182339/39182339_1.fastq.gz
2025-06-19 18:21:53.216 | INFO     | __main__:run_differential_expression:459 - Creating mock count data for DE analysis
2025-06-19 18:21:53.221 | ERROR    | __main__:run_differential_expression:521 - Error running differential expression analysis: Cannot cast ufunc 'multiply' output from dtype('float64') to dtype('int64') with casting rule 'same_kind'
