2025-06-19 18:27:52.665 | INFO     | __main__:run_full_analysis_pipeline:24 - Starting full RNA-seq analysis pipeline demonstration
2025-06-19 18:27:52.665 | INFO     | __main__:run_full_analysis_pipeline:29 - Step 1: Setting up analysis and preparing mock data
2025-06-19 18:28:04.984 | INFO     | __main__:run_full_analysis_pipeline:25 - Starting full RNA-seq analysis pipeline demonstration
2025-06-19 18:28:04.984 | INFO     | __main__:run_full_analysis_pipeline:30 - Step 1: Setting up analysis and preparing mock data
2025-06-19 18:28:04.992 | INFO     | __main__:run_full_analysis_pipeline:58 - Mock data created in: results/full_analysis_example
2025-06-19 18:28:04.992 | INFO     | __main__:run_full_analysis_pipeline:59 - Mock count matrix file: results/full_analysis_example/mock_counts.csv
2025-06-19 18:28:04.992 | INFO     | __main__:run_full_analysis_pipeline:60 - Mock BAM files created in: results/full_analysis_example/mock_alignment
2025-06-19 18:28:04.992 | INFO     | __main__:run_full_analysis_pipeline:65 - Step 2: Running Differential Expression Analysis
2025-06-19 18:28:16.679 | INFO     | __main__:run_full_analysis_pipeline:25 - Starting full RNA-seq analysis pipeline demonstration
2025-06-19 18:28:16.679 | INFO     | __main__:run_full_analysis_pipeline:30 - Step 1: Setting up analysis and preparing mock data
2025-06-19 18:28:16.685 | INFO     | __main__:run_full_analysis_pipeline:58 - Mock data created in: results/full_analysis_example
2025-06-19 18:28:16.685 | INFO     | __main__:run_full_analysis_pipeline:59 - Mock count matrix file: results/full_analysis_example/mock_counts.csv
2025-06-19 18:28:16.685 | INFO     | __main__:run_full_analysis_pipeline:60 - Mock BAM files created in: results/full_analysis_example/mock_alignment
2025-06-19 18:28:16.685 | INFO     | __main__:run_full_analysis_pipeline:65 - Step 2: Running Differential Expression Analysis
2025-06-19 18:28:16.689 | INFO     | __main__:run_full_analysis_pipeline:75 - DESeq2 status: {'r_available': False, 'deseq2_available': False}
2025-06-19 18:28:28.828 | INFO     | __main__:run_full_analysis_pipeline:25 - Starting full RNA-seq analysis pipeline demonstration
2025-06-19 18:28:28.828 | INFO     | __main__:run_full_analysis_pipeline:30 - Step 1: Setting up analysis and preparing mock data
2025-06-19 18:28:28.835 | INFO     | __main__:run_full_analysis_pipeline:58 - Mock data created in: results/full_analysis_example
2025-06-19 18:28:28.835 | INFO     | __main__:run_full_analysis_pipeline:59 - Mock count matrix file: results/full_analysis_example/mock_counts.csv
2025-06-19 18:28:28.835 | INFO     | __main__:run_full_analysis_pipeline:60 - Mock BAM files created in: results/full_analysis_example/mock_alignment
2025-06-19 18:28:28.835 | INFO     | __main__:run_full_analysis_pipeline:65 - Step 2: Running Differential Expression Analysis
2025-06-19 18:28:28.839 | INFO     | __main__:run_full_analysis_pipeline:75 - DESeq2 status: {'r_available': False, 'deseq2_available': False}
2025-06-19 18:28:28.840 | INFO     | src.analysis.deseq2_analyzer:analyze_differential_expression:90 - Starting differential expression analysis
2025-06-19 18:28:28.840 | INFO     | src.analysis.deseq2_analyzer:analyze_differential_expression:106 - Using Python implementation for differential expression analysis
2025-06-19 18:28:28.840 | INFO     | src.analysis.deseq2_analyzer:_run_python_de:211 - Running Python-based differential expression analysis
2025-06-19 18:28:28.842 | INFO     | src.analysis.deseq2_analyzer:_run_python_de:226 - Analyzing 2000 genes across 6 samples
2025-06-19 18:28:30.262 | INFO     | src.analysis.deseq2_analyzer:_save_results:335 - Results saved to results/full_analysis_example/differential_expression
2025-06-19 18:28:30.262 | INFO     | __main__:run_full_analysis_pipeline:97 - Differential expression analysis completed successfully
2025-06-19 18:28:30.678 | INFO     | src.analysis.deseq2_analyzer:create_de_plots:433 - Created DE plots: ['volcano_plot', 'ma_plot']
2025-06-19 18:28:30.678 | INFO     | __main__:run_full_analysis_pipeline:102 - DE results and plots saved to: results/full_analysis_example/differential_expression
2025-06-19 18:28:30.678 | INFO     | __main__:run_full_analysis_pipeline:115 - Step 3: Running RNA Splicing Analysis
2025-06-19 18:28:30.678 | INFO     | src.analysis.splicing_analyzer:__init__:51 - SplicingAnalyzer initialized with output directory: results/full_analysis_example/splicing_analysis
2025-06-19 18:28:30.678 | INFO     | src.analysis.splicing_analyzer:run_complete_analysis:752 - Running complete splicing analysis pipeline
2025-06-19 18:28:30.678 | INFO     | src.analysis.splicing_analyzer:detect_splice_junctions:64 - Detecting splice junctions from alignment files
2025-06-19 18:28:30.759 | INFO     | src.analysis.splicing_analyzer:detect_splice_junctions:107 - Splice junctions saved to results/full_analysis_example/splicing_analysis/splice_junctions.csv
2025-06-19 18:28:30.760 | INFO     | src.analysis.splicing_analyzer:identify_alternative_splicing_events:121 - Identifying alternative splicing events
2025-06-19 18:28:30.764 | INFO     | src.analysis.splicing_analyzer:identify_alternative_splicing_events:132 - SE events saved to results/full_analysis_example/splicing_analysis/as_events_SE.csv
2025-06-19 18:28:30.771 | INFO     | src.analysis.splicing_analyzer:identify_alternative_splicing_events:132 - MXE events saved to results/full_analysis_example/splicing_analysis/as_events_MXE.csv
2025-06-19 18:28:30.775 | INFO     | src.analysis.splicing_analyzer:identify_alternative_splicing_events:132 - A3SS events saved to results/full_analysis_example/splicing_analysis/as_events_A3SS.csv
2025-06-19 18:28:30.780 | INFO     | src.analysis.splicing_analyzer:identify_alternative_splicing_events:132 - A5SS events saved to results/full_analysis_example/splicing_analysis/as_events_A5SS.csv
2025-06-19 18:28:30.785 | INFO     | src.analysis.splicing_analyzer:identify_alternative_splicing_events:132 - RI events saved to results/full_analysis_example/splicing_analysis/as_events_RI.csv
2025-06-19 18:28:30.786 | INFO     | src.analysis.splicing_analyzer:calculate_splicing_efficiency:317 - Calculating splicing efficiency metrics
2025-06-19 18:28:30.789 | INFO     | src.analysis.splicing_analyzer:calculate_splicing_efficiency:354 - Splicing efficiency results saved to results/full_analysis_example/splicing_analysis/splicing_efficiency.csv
2025-06-19 18:28:30.790 | INFO     | src.analysis.splicing_analyzer:calculate_differential_splicing:238 - Calculating differential splicing between conditions
2025-06-19 18:28:30.790 | INFO     | src.analysis.splicing_analyzer:calculate_differential_splicing:243 - Analyzing differential splicing for SE events
2025-06-19 18:28:30.808 | INFO     | src.analysis.splicing_analyzer:calculate_differential_splicing:243 - Analyzing differential splicing for MXE events
2025-06-19 18:28:30.847 | INFO     | src.analysis.splicing_analyzer:calculate_differential_splicing:243 - Analyzing differential splicing for A3SS events
2025-06-19 18:28:30.870 | INFO     | src.analysis.splicing_analyzer:calculate_differential_splicing:243 - Analyzing differential splicing for A5SS events
2025-06-19 18:28:30.894 | INFO     | src.analysis.splicing_analyzer:calculate_differential_splicing:243 - Analyzing differential splicing for RI events
2025-06-19 18:28:30.927 | INFO     | src.analysis.splicing_analyzer:plot_splicing_overview:369 - Creating splicing overview plots
2025-06-19 18:28:31.511 | INFO     | src.analysis.splicing_analyzer:plot_splicing_overview:459 - Splicing overview plot saved to results/full_analysis_example/splicing_analysis/plots/splicing_overview.png
2025-06-19 18:28:31.511 | INFO     | src.analysis.splicing_analyzer:generate_splicing_report:550 - Generating splicing analysis report
2025-06-19 18:28:31.515 | INFO     | src.analysis.splicing_analyzer:generate_splicing_report:733 - Splicing analysis report saved to results/full_analysis_example/splicing_analysis/splicing_report.html
2025-06-19 18:28:31.515 | INFO     | src.analysis.splicing_analyzer:run_complete_analysis:790 - Complete splicing analysis finished successfully
2025-06-19 18:28:31.515 | INFO     | __main__:run_full_analysis_pipeline:127 - RNA splicing analysis completed successfully
2025-06-19 18:28:31.515 | INFO     | __main__:run_full_analysis_pipeline:128 - Splicing analysis results saved to: results/full_analysis_example/splicing_analysis
2025-06-19 18:28:31.516 | INFO     | __main__:run_full_analysis_pipeline:138 - Step 4: Generating final summary
2025-06-19 18:31:08.664 | INFO     | __main__:run_full_analysis_pipeline:27 - Starting full RNA-seq analysis pipeline demonstration
2025-06-19 18:31:08.664 | INFO     | __main__:run_full_analysis_pipeline:32 - Step 1: Setting up analysis and preparing mock data
2025-06-19 18:31:08.674 | INFO     | __main__:run_full_analysis_pipeline:60 - Mock data created in: results/full_analysis_example
2025-06-19 18:31:08.674 | INFO     | __main__:run_full_analysis_pipeline:61 - Mock count matrix file: results/full_analysis_example/mock_counts.csv
2025-06-19 18:31:08.674 | INFO     | __main__:run_full_analysis_pipeline:62 - Mock BAM files created in: results/full_analysis_example/mock_alignment
2025-06-19 18:31:08.674 | INFO     | __main__:run_full_analysis_pipeline:67 - Step 2: Running Differential Expression Analysis
2025-06-19 18:31:08.679 | INFO     | __main__:run_full_analysis_pipeline:77 - DESeq2 status: {'r_available': False, 'deseq2_available': False}
2025-06-19 18:31:08.680 | INFO     | src.analysis.deseq2_analyzer:analyze_differential_expression:90 - Starting differential expression analysis
2025-06-19 18:31:08.681 | INFO     | src.analysis.deseq2_analyzer:analyze_differential_expression:106 - Using Python implementation for differential expression analysis
2025-06-19 18:31:08.681 | INFO     | src.analysis.deseq2_analyzer:_run_python_de:211 - Running Python-based differential expression analysis
2025-06-19 18:31:08.684 | INFO     | src.analysis.deseq2_analyzer:_run_python_de:226 - Analyzing 2000 genes across 6 samples
2025-06-19 18:31:10.143 | INFO     | src.analysis.deseq2_analyzer:_save_results:335 - Results saved to results/full_analysis_example/differential_expression
2025-06-19 18:31:10.143 | INFO     | __main__:run_full_analysis_pipeline:99 - Differential expression analysis completed successfully
2025-06-19 18:31:10.532 | INFO     | src.analysis.deseq2_analyzer:create_de_plots:433 - Created DE plots: ['volcano_plot', 'ma_plot']
2025-06-19 18:31:10.533 | INFO     | __main__:run_full_analysis_pipeline:104 - DE results and plots saved to: results/full_analysis_example/differential_expression
2025-06-19 18:31:10.533 | INFO     | __main__:run_full_analysis_pipeline:117 - Step 3: Running RNA Splicing Analysis
2025-06-19 18:31:10.533 | INFO     | src.analysis.splicing_analyzer:__init__:51 - SplicingAnalyzer initialized with output directory: results/full_analysis_example/splicing_analysis
2025-06-19 18:31:10.533 | INFO     | src.analysis.splicing_analyzer:run_complete_analysis:752 - Running complete splicing analysis pipeline
2025-06-19 18:31:10.533 | INFO     | src.analysis.splicing_analyzer:detect_splice_junctions:64 - Detecting splice junctions from alignment files
2025-06-19 18:31:10.606 | INFO     | src.analysis.splicing_analyzer:detect_splice_junctions:107 - Splice junctions saved to results/full_analysis_example/splicing_analysis/splice_junctions.csv
2025-06-19 18:31:10.606 | INFO     | src.analysis.splicing_analyzer:identify_alternative_splicing_events:121 - Identifying alternative splicing events
2025-06-19 18:31:10.610 | INFO     | src.analysis.splicing_analyzer:identify_alternative_splicing_events:132 - SE events saved to results/full_analysis_example/splicing_analysis/as_events_SE.csv
2025-06-19 18:31:10.614 | INFO     | src.analysis.splicing_analyzer:identify_alternative_splicing_events:132 - MXE events saved to results/full_analysis_example/splicing_analysis/as_events_MXE.csv
2025-06-19 18:31:10.621 | INFO     | src.analysis.splicing_analyzer:identify_alternative_splicing_events:132 - A3SS events saved to results/full_analysis_example/splicing_analysis/as_events_A3SS.csv
2025-06-19 18:31:10.624 | INFO     | src.analysis.splicing_analyzer:identify_alternative_splicing_events:132 - A5SS events saved to results/full_analysis_example/splicing_analysis/as_events_A5SS.csv
2025-06-19 18:31:10.631 | INFO     | src.analysis.splicing_analyzer:identify_alternative_splicing_events:132 - RI events saved to results/full_analysis_example/splicing_analysis/as_events_RI.csv
2025-06-19 18:31:10.631 | INFO     | src.analysis.splicing_analyzer:calculate_splicing_efficiency:317 - Calculating splicing efficiency metrics
2025-06-19 18:31:10.634 | INFO     | src.analysis.splicing_analyzer:calculate_splicing_efficiency:354 - Splicing efficiency results saved to results/full_analysis_example/splicing_analysis/splicing_efficiency.csv
2025-06-19 18:31:10.634 | INFO     | src.analysis.splicing_analyzer:calculate_differential_splicing:238 - Calculating differential splicing between conditions
2025-06-19 18:31:10.634 | INFO     | src.analysis.splicing_analyzer:calculate_differential_splicing:243 - Analyzing differential splicing for SE events
2025-06-19 18:31:10.644 | INFO     | src.analysis.splicing_analyzer:calculate_differential_splicing:243 - Analyzing differential splicing for MXE events
2025-06-19 18:31:10.659 | INFO     | src.analysis.splicing_analyzer:calculate_differential_splicing:243 - Analyzing differential splicing for A3SS events
2025-06-19 18:31:10.693 | INFO     | src.analysis.splicing_analyzer:calculate_differential_splicing:243 - Analyzing differential splicing for A5SS events
2025-06-19 18:31:10.706 | INFO     | src.analysis.splicing_analyzer:calculate_differential_splicing:243 - Analyzing differential splicing for RI events
2025-06-19 18:31:10.742 | INFO     | src.analysis.splicing_analyzer:plot_splicing_overview:369 - Creating splicing overview plots
2025-06-19 18:31:11.318 | INFO     | src.analysis.splicing_analyzer:plot_splicing_overview:459 - Splicing overview plot saved to results/full_analysis_example/splicing_analysis/plots/splicing_overview.png
2025-06-19 18:31:11.318 | INFO     | src.analysis.splicing_analyzer:generate_splicing_report:550 - Generating splicing analysis report
2025-06-19 18:31:11.323 | INFO     | src.analysis.splicing_analyzer:generate_splicing_report:733 - Splicing analysis report saved to results/full_analysis_example/splicing_analysis/splicing_report.html
2025-06-19 18:31:11.323 | INFO     | src.analysis.splicing_analyzer:run_complete_analysis:790 - Complete splicing analysis finished successfully
2025-06-19 18:31:11.323 | INFO     | __main__:run_full_analysis_pipeline:129 - RNA splicing analysis completed successfully
2025-06-19 18:31:11.323 | INFO     | __main__:run_full_analysis_pipeline:130 - Splicing analysis results saved to: results/full_analysis_example/splicing_analysis
2025-06-19 18:31:11.323 | INFO     | __main__:run_full_analysis_pipeline:140 - Step 4: Generating combined HTML report
2025-06-19 18:32:19.769 | INFO     | __main__:run_full_analysis_pipeline:160 - Starting full RNA-seq analysis pipeline demonstration
2025-06-19 18:32:19.769 | INFO     | __main__:run_full_analysis_pipeline:165 - Step 1: Setting up analysis and preparing mock data
2025-06-19 18:32:19.775 | INFO     | __main__:run_full_analysis_pipeline:193 - Mock data created in: results/full_analysis_example
2025-06-19 18:32:19.775 | INFO     | __main__:run_full_analysis_pipeline:194 - Mock count matrix file: results/full_analysis_example/mock_counts.csv
2025-06-19 18:32:19.775 | INFO     | __main__:run_full_analysis_pipeline:195 - Mock BAM files created in: results/full_analysis_example/mock_alignment
2025-06-19 18:32:19.775 | INFO     | __main__:run_full_analysis_pipeline:200 - Step 2: Running Differential Expression Analysis
2025-06-19 18:32:19.779 | INFO     | __main__:run_full_analysis_pipeline:210 - DESeq2 status: {'r_available': False, 'deseq2_available': False}
2025-06-19 18:32:19.779 | INFO     | src.analysis.deseq2_analyzer:analyze_differential_expression:90 - Starting differential expression analysis
2025-06-19 18:32:19.780 | INFO     | src.analysis.deseq2_analyzer:analyze_differential_expression:106 - Using Python implementation for differential expression analysis
2025-06-19 18:32:19.780 | INFO     | src.analysis.deseq2_analyzer:_run_python_de:211 - Running Python-based differential expression analysis
2025-06-19 18:32:19.781 | INFO     | src.analysis.deseq2_analyzer:_run_python_de:226 - Analyzing 2000 genes across 6 samples
2025-06-19 18:32:21.224 | INFO     | src.analysis.deseq2_analyzer:_save_results:335 - Results saved to results/full_analysis_example/differential_expression
2025-06-19 18:32:21.224 | INFO     | __main__:run_full_analysis_pipeline:232 - Differential expression analysis completed successfully
2025-06-19 18:32:21.588 | INFO     | src.analysis.deseq2_analyzer:create_de_plots:433 - Created DE plots: ['volcano_plot', 'ma_plot']
2025-06-19 18:32:21.588 | INFO     | __main__:run_full_analysis_pipeline:237 - DE results and plots saved to: results/full_analysis_example/differential_expression
2025-06-19 18:32:21.588 | INFO     | __main__:run_full_analysis_pipeline:250 - Step 3: Running RNA Splicing Analysis
2025-06-19 18:32:21.588 | INFO     | src.analysis.splicing_analyzer:__init__:51 - SplicingAnalyzer initialized with output directory: results/full_analysis_example/splicing_analysis
2025-06-19 18:32:21.588 | INFO     | src.analysis.splicing_analyzer:run_complete_analysis:752 - Running complete splicing analysis pipeline
2025-06-19 18:32:21.588 | INFO     | src.analysis.splicing_analyzer:detect_splice_junctions:64 - Detecting splice junctions from alignment files
2025-06-19 18:32:21.662 | INFO     | src.analysis.splicing_analyzer:detect_splice_junctions:107 - Splice junctions saved to results/full_analysis_example/splicing_analysis/splice_junctions.csv
2025-06-19 18:32:21.663 | INFO     | src.analysis.splicing_analyzer:identify_alternative_splicing_events:121 - Identifying alternative splicing events
2025-06-19 18:32:21.669 | INFO     | src.analysis.splicing_analyzer:identify_alternative_splicing_events:132 - SE events saved to results/full_analysis_example/splicing_analysis/as_events_SE.csv
2025-06-19 18:32:21.677 | INFO     | src.analysis.splicing_analyzer:identify_alternative_splicing_events:132 - MXE events saved to results/full_analysis_example/splicing_analysis/as_events_MXE.csv
2025-06-19 18:32:21.684 | INFO     | src.analysis.splicing_analyzer:identify_alternative_splicing_events:132 - A3SS events saved to results/full_analysis_example/splicing_analysis/as_events_A3SS.csv
2025-06-19 18:32:21.688 | INFO     | src.analysis.splicing_analyzer:identify_alternative_splicing_events:132 - A5SS events saved to results/full_analysis_example/splicing_analysis/as_events_A5SS.csv
2025-06-19 18:32:21.694 | INFO     | src.analysis.splicing_analyzer:identify_alternative_splicing_events:132 - RI events saved to results/full_analysis_example/splicing_analysis/as_events_RI.csv
2025-06-19 18:32:21.694 | INFO     | src.analysis.splicing_analyzer:calculate_splicing_efficiency:317 - Calculating splicing efficiency metrics
2025-06-19 18:32:21.697 | INFO     | src.analysis.splicing_analyzer:calculate_splicing_efficiency:354 - Splicing efficiency results saved to results/full_analysis_example/splicing_analysis/splicing_efficiency.csv
2025-06-19 18:32:21.697 | INFO     | src.analysis.splicing_analyzer:calculate_differential_splicing:238 - Calculating differential splicing between conditions
2025-06-19 18:32:21.697 | INFO     | src.analysis.splicing_analyzer:calculate_differential_splicing:243 - Analyzing differential splicing for SE events
2025-06-19 18:32:21.728 | INFO     | src.analysis.splicing_analyzer:calculate_differential_splicing:243 - Analyzing differential splicing for MXE events
2025-06-19 18:32:21.764 | INFO     | src.analysis.splicing_analyzer:calculate_differential_splicing:243 - Analyzing differential splicing for A3SS events
2025-06-19 18:32:21.800 | INFO     | src.analysis.splicing_analyzer:calculate_differential_splicing:243 - Analyzing differential splicing for A5SS events
2025-06-19 18:32:21.820 | INFO     | src.analysis.splicing_analyzer:calculate_differential_splicing:243 - Analyzing differential splicing for RI events
2025-06-19 18:32:21.851 | INFO     | src.analysis.splicing_analyzer:plot_splicing_overview:369 - Creating splicing overview plots
2025-06-19 18:32:22.407 | INFO     | src.analysis.splicing_analyzer:plot_splicing_overview:459 - Splicing overview plot saved to results/full_analysis_example/splicing_analysis/plots/splicing_overview.png
2025-06-19 18:32:22.408 | INFO     | src.analysis.splicing_analyzer:generate_splicing_report:550 - Generating splicing analysis report
2025-06-19 18:32:22.412 | INFO     | src.analysis.splicing_analyzer:generate_splicing_report:733 - Splicing analysis report saved to results/full_analysis_example/splicing_analysis/splicing_report.html
2025-06-19 18:32:22.412 | INFO     | src.analysis.splicing_analyzer:run_complete_analysis:790 - Complete splicing analysis finished successfully
2025-06-19 18:32:22.412 | INFO     | __main__:run_full_analysis_pipeline:262 - RNA splicing analysis completed successfully
2025-06-19 18:32:22.413 | INFO     | __main__:run_full_analysis_pipeline:263 - Splicing analysis results saved to: results/full_analysis_example/splicing_analysis
2025-06-19 18:32:22.413 | INFO     | __main__:run_full_analysis_pipeline:273 - Step 4: Generating combined HTML report
2025-06-19 18:32:22.415 | INFO     | __main__:run_full_analysis_pipeline:277 - Combined HTML report generated at: results/full_analysis_example/full_analysis_report.html
2025-06-19 18:32:22.415 | INFO     | __main__:run_full_analysis_pipeline:283 - Step 5: Generating final summary
2025-06-19 18:34:55.625 | INFO     | __main__:run_full_analysis_pipeline:160 - Starting full RNA-seq analysis pipeline demonstration
2025-06-19 18:34:55.625 | INFO     | __main__:run_full_analysis_pipeline:165 - Step 1: Setting up analysis and preparing mock data
2025-06-19 18:34:55.635 | INFO     | __main__:run_full_analysis_pipeline:219 - Mock data created in: results/full_analysis_example
2025-06-19 18:34:55.635 | INFO     | __main__:run_full_analysis_pipeline:220 - Mock count matrix file: results/full_analysis_example/mock_counts.csv
2025-06-19 18:34:55.635 | INFO     | __main__:run_full_analysis_pipeline:221 - Mock BAM files created in: results/full_analysis_example/mock_alignment
2025-06-19 18:34:55.635 | INFO     | __main__:run_full_analysis_pipeline:226 - Step 2: Running Differential Expression Analysis
2025-06-19 18:34:55.640 | INFO     | __main__:run_full_analysis_pipeline:236 - DESeq2 status: {'r_available': False, 'deseq2_available': False}
2025-06-19 18:34:55.640 | INFO     | src.analysis.deseq2_analyzer:analyze_differential_expression:90 - Starting differential expression analysis
2025-06-19 18:34:55.641 | INFO     | src.analysis.deseq2_analyzer:analyze_differential_expression:106 - Using Python implementation for differential expression analysis
2025-06-19 18:34:55.641 | INFO     | src.analysis.deseq2_analyzer:_run_python_de:211 - Running Python-based differential expression analysis
2025-06-19 18:34:55.643 | INFO     | src.analysis.deseq2_analyzer:_run_python_de:226 - Analyzing 2000 genes across 6 samples
2025-06-19 18:34:57.039 | INFO     | src.analysis.deseq2_analyzer:_save_results:335 - Results saved to results/full_analysis_example/differential_expression
2025-06-19 18:34:57.039 | INFO     | __main__:run_full_analysis_pipeline:258 - Differential expression analysis completed successfully
2025-06-19 18:34:57.437 | INFO     | src.analysis.deseq2_analyzer:create_de_plots:433 - Created DE plots: ['volcano_plot', 'ma_plot']
2025-06-19 18:34:57.437 | INFO     | __main__:run_full_analysis_pipeline:263 - DE results and plots saved to: results/full_analysis_example/differential_expression
2025-06-19 18:34:57.439 | INFO     | __main__:run_full_analysis_pipeline:276 - Step 3: Running RNA Splicing Analysis
2025-06-19 18:34:57.439 | INFO     | src.analysis.splicing_analyzer:__init__:51 - SplicingAnalyzer initialized with output directory: results/full_analysis_example/splicing_analysis
2025-06-19 18:34:57.439 | INFO     | src.analysis.splicing_analyzer:run_complete_analysis:752 - Running complete splicing analysis pipeline
2025-06-19 18:34:57.439 | INFO     | src.analysis.splicing_analyzer:detect_splice_junctions:64 - Detecting splice junctions from alignment files
2025-06-19 18:34:57.511 | INFO     | src.analysis.splicing_analyzer:detect_splice_junctions:107 - Splice junctions saved to results/full_analysis_example/splicing_analysis/splice_junctions.csv
2025-06-19 18:34:57.511 | INFO     | src.analysis.splicing_analyzer:identify_alternative_splicing_events:121 - Identifying alternative splicing events
2025-06-19 18:34:57.515 | INFO     | src.analysis.splicing_analyzer:identify_alternative_splicing_events:132 - SE events saved to results/full_analysis_example/splicing_analysis/as_events_SE.csv
2025-06-19 18:34:57.518 | INFO     | src.analysis.splicing_analyzer:identify_alternative_splicing_events:132 - MXE events saved to results/full_analysis_example/splicing_analysis/as_events_MXE.csv
2025-06-19 18:34:57.521 | INFO     | src.analysis.splicing_analyzer:identify_alternative_splicing_events:132 - A3SS events saved to results/full_analysis_example/splicing_analysis/as_events_A3SS.csv
2025-06-19 18:34:57.526 | INFO     | src.analysis.splicing_analyzer:identify_alternative_splicing_events:132 - A5SS events saved to results/full_analysis_example/splicing_analysis/as_events_A5SS.csv
2025-06-19 18:34:57.528 | INFO     | src.analysis.splicing_analyzer:identify_alternative_splicing_events:132 - RI events saved to results/full_analysis_example/splicing_analysis/as_events_RI.csv
2025-06-19 18:34:57.528 | INFO     | src.analysis.splicing_analyzer:calculate_splicing_efficiency:317 - Calculating splicing efficiency metrics
2025-06-19 18:34:57.531 | INFO     | src.analysis.splicing_analyzer:calculate_splicing_efficiency:354 - Splicing efficiency results saved to results/full_analysis_example/splicing_analysis/splicing_efficiency.csv
2025-06-19 18:34:57.531 | INFO     | src.analysis.splicing_analyzer:calculate_differential_splicing:238 - Calculating differential splicing between conditions
2025-06-19 18:34:57.531 | INFO     | src.analysis.splicing_analyzer:calculate_differential_splicing:243 - Analyzing differential splicing for SE events
2025-06-19 18:34:57.542 | INFO     | src.analysis.splicing_analyzer:calculate_differential_splicing:243 - Analyzing differential splicing for MXE events
2025-06-19 18:34:57.555 | INFO     | src.analysis.splicing_analyzer:calculate_differential_splicing:243 - Analyzing differential splicing for A3SS events
2025-06-19 18:34:57.573 | INFO     | src.analysis.splicing_analyzer:calculate_differential_splicing:243 - Analyzing differential splicing for A5SS events
2025-06-19 18:34:57.601 | INFO     | src.analysis.splicing_analyzer:calculate_differential_splicing:243 - Analyzing differential splicing for RI events
2025-06-19 18:34:57.612 | INFO     | src.analysis.splicing_analyzer:plot_splicing_overview:369 - Creating splicing overview plots
2025-06-19 18:34:58.188 | INFO     | src.analysis.splicing_analyzer:plot_splicing_overview:459 - Splicing overview plot saved to results/full_analysis_example/splicing_analysis/plots/splicing_overview.png
2025-06-19 18:34:58.188 | INFO     | src.analysis.splicing_analyzer:generate_splicing_report:550 - Generating splicing analysis report
2025-06-19 18:34:58.192 | INFO     | src.analysis.splicing_analyzer:generate_splicing_report:733 - Splicing analysis report saved to results/full_analysis_example/splicing_analysis/splicing_report.html
2025-06-19 18:34:58.192 | INFO     | src.analysis.splicing_analyzer:run_complete_analysis:790 - Complete splicing analysis finished successfully
2025-06-19 18:34:58.193 | INFO     | __main__:run_full_analysis_pipeline:288 - RNA splicing analysis completed successfully
2025-06-19 18:34:58.193 | INFO     | __main__:run_full_analysis_pipeline:289 - Splicing analysis results saved to: results/full_analysis_example/splicing_analysis
2025-06-19 18:34:58.193 | INFO     | __main__:run_full_analysis_pipeline:299 - Step 4: Generating combined HTML report
2025-06-19 18:34:58.195 | INFO     | __main__:run_full_analysis_pipeline:303 - Combined HTML report generated at: results/full_analysis_example/full_analysis_report.html
2025-06-19 18:34:58.196 | INFO     | __main__:run_full_analysis_pipeline:309 - Step 5: Generating final summary
